<?xml version="1.0" encoding="UTF-8"?>
<!-- Generated by org.testng.reporters.JUnitXMLReporter -->
<testsuite hostname="IBM-1DWTPM3" ignored="3" name="Default test" tests="1" failures="0" timestamp="04 Jul 2022 11:05:41 GMT" time="3.043" errors="0">
  <testcase name="createuser" time="3.022" classname="day1.restassured"/>
  <testcase name="deleteuser" time="0.0" classname="day1.restassured">
    <ignored/>
  </testcase> <!-- deleteuser -->
  <testcase name="getuser" time="0.0" classname="day1.restassured">
    <ignored/>
  </testcase> <!-- getuser -->
  <testcase name="modifyuser" time="0.0" classname="day1.restassured">
    <ignored/>
  </testcase> <!-- modifyuser -->
</testsuite> <!-- Default test -->
